\BOOKMARK [1][-]{section.1}{\376\377\000I\000n\000t\000r\000o\000d\000u\000c\000t\000i\000o\000n}{}% 1
\BOOKMARK [2][-]{subsection.1.1}{\376\377\000N\000o\000t\000a\000t\000i\000o\000n\000\040\000a\000n\000d\000\040\000b\000a\000s\000i\000c\000\040\000d\000e\000f\000i\000n\000i\000t\000i\000o\000n\000s}{section.1}% 2
\BOOKMARK [2][-]{subsection.1.2}{\376\377\000B\000i\000g\000\040\000i\000d\000e\000a\000\040\0001\000:\000\040\000G\000e\000o\000m\000e\000t\000r\000i\000c\000\040\000m\000e\000t\000h\000o\000d\000\040\000o\000f\000\040\000c\000o\000n\000s\000t\000r\000u\000c\000t\000i\000n\000g\000\040\000s\000o\000l\000u\000t\000i\000o\000n\000s}{section.1}% 3
\BOOKMARK [2][-]{subsection.1.3}{\376\377\000B\000i\000g\000\040\000i\000d\000e\000a\000\040\0002\000:\000\040\000L\000o\000c\000a\000l\000\040\000t\000o\000\040\000g\000l\000o\000b\000a\000l}{section.1}% 4
\BOOKMARK [2][-]{subsection.1.4}{\376\377\000B\000i\000g\000\040\000i\000d\000e\000a\000\040\0003\000:\000\040\000D\000e\000s\000c\000e\000n\000t}{section.1}% 5
\BOOKMARK [1][-]{section.2}{\376\377\000p\000-\000a\000d\000i\000c\000\040\000n\000u\000m\000b\000e\000r\000s}{}% 6
\BOOKMARK [2][-]{subsection.2.1}{\376\377\000S\000e\000r\000i\000e\000s\000\040\000e\000x\000p\000a\000n\000s\000i\000o\000n\000\040\000o\000n\000\040\000Q\000p}{section.2}% 7
\BOOKMARK [1][-]{section.3}{\376\377\000A\000l\000g\000e\000b\000r\000a\000i\000c\000\040\000c\000u\000r\000v\000e\000s}{}% 8
\BOOKMARK [2][-]{subsection.3.1}{\376\377\000B\000\351\000z\000o\000u\000t\000'\000s\000\040\000t\000h\000e\000o\000r\000e\000m}{section.3}% 9
\BOOKMARK [2][-]{subsection.3.2}{\376\377\000M\000o\000r\000e\000\040\000t\000o\000o\000l\000s\000\040\000f\000o\000r\000\040\000s\000t\000u\000d\000y\000i\000n\000g\000\040\000p\000r\000o\000j\000e\000c\000t\000i\000v\000e\000\040\000c\000u\000r\000v\000e\000s}{section.3}% 10
\BOOKMARK [1][-]{section.4}{\376\377\000C\000o\000n\000i\000c\000s\000:\000\040\000H\000a\000s\000s\000e\040\023\000M\000i\000n\000k\000o\000w\000s\000k\000i\000\040\000t\000h\000e\000o\000r\000e\000m}{}% 11
\BOOKMARK [2][-]{subsection.4.1}{\376\377\000P\000r\000o\000o\000f\000\040\000o\000f\000\040\0003\000-\0003\000m\000u\0002}{section.4}% 12
\BOOKMARK [2][-]{subsection.4.2}{\376\377\000P\000r\000o\000o\000f\000\040\000o\000f\000\040\0004\000-\0003\000m\000u\0002\000\040\000b\000y\000\040\000g\000e\000o\000m\000e\000t\000r\000y\000\040\000o\000f\000\040\000n\000u\000m\000b\000e\000r\000s}{section.4}% 13
\BOOKMARK [2][-]{subsection.4.3}{\376\377\000P\000r\000o\000o\000f\000\040\000o\000f\000\040\0002\000-\0003\000m\000u\0001}{section.4}% 14
\BOOKMARK [1][-]{section.5}{\376\377\000C\000u\000b\000i\000c\000s}{}% 15
\BOOKMARK [2][-]{subsection.5.1}{\376\377\000C\000h\000o\000r\000d\000\040\000a\000n\000d\000\040\000t\000a\000n\000g\000e\000n\000t\000\040\000p\000r\000o\000c\000e\000s\000s\000e\000s}{section.5}% 16
\BOOKMARK [2][-]{subsection.5.2}{\376\377\000G\000r\000o\000u\000p\000\040\000l\000a\000w}{section.5}% 17
\BOOKMARK [2][-]{subsection.5.3}{\376\377\000W\000e\000i\000e\000r\000s\000t\000r\000a\000s\000s\000\040\000n\000o\000r\000m\000a\000l\000\040\000f\000o\000r\000m}{section.5}% 18
\BOOKMARK [2][-]{subsection.5.4}{\376\377\000P\000o\000i\000n\000t\000s\000\040\000o\000f\000\040\000f\000i\000n\000i\000t\000e\000\040\000o\000r\000d\000e\000r\000:\000\040\000N\000a\000g\000e\000l\000l\040\023\000L\000u\000t\000z\000\040\000t\000h\000e\000o\000r\000e\000m}{section.5}% 19
\BOOKMARK [3][-]{subsubsection.5.4.1}{\376\377\000R\000e\000d\000u\000c\000t\000i\000o\000n\000\040\000m\000o\000d\000u\000l\000o\000\040\000p}{subsection.5.4}% 20
\BOOKMARK [3][-]{subsubsection.5.4.2}{\376\377\000F\000o\000r\000m\000a\000l\000\040\000g\000r\000o\000u\000p\000\040\000o\000f\000\040\000a\000n\000\040\000e\000l\000l\000i\000p\000t\000i\000c\000\040\000c\000u\000r\000v\000e}{subsection.5.4}% 21
\BOOKMARK [3][-]{subsubsection.5.4.3}{\376\377\000P\000a\000r\000a\000m\000e\000t\000r\000i\000s\000a\000t\000i\000o\000n\000\040\000o\000f\000\040\000e\000l\000l\000i\000p\000t\000i\000c\000\040\000c\000u\000r\000v\000e\000s\000\040\000w\000i\000t\000h\000\040\000a\000\040\000p\000r\000e\000s\000c\000r\000i\000b\000e\000d\000\040\000t\000o\000r\000s\000i\000o\000n\000\040\000p\000o\000i\000n\000t}{subsection.5.4}% 22
\BOOKMARK [2][-]{subsection.5.5}{\376\377\000T\000h\000e\000\040\000r\000a\000n\000k\000:\000\040\000M\000o\000r\000d\000e\000l\000l\040\023\000W\000e\000i\000l\000\040\000t\000h\000e\000o\000r\000e\000m}{section.5}% 23
\BOOKMARK [3][-]{subsubsection.5.5.1}{\376\377\000P\000r\000o\000o\000f\000\040\000o\000f\000\040\000w\000e\000a\000k\000\040\000M\000o\000r\000d\000e\000l\000l\040\023\000W\000e\000i\000l}{subsection.5.5}% 24
\BOOKMARK [3][-]{subsubsection.5.5.2}{\376\377\000H\000o\000w\000\040\000t\000o\000\040\000c\000a\000l\000c\000u\000l\000a\000t\000e\000\040\000t\000h\000e\000\040\000r\000a\000n\000k\000\040\000r\000?}{subsection.5.5}% 25
\BOOKMARK [3][-]{subsubsection.5.5.3}{\376\377\000T\000h\000e\000\040\000h\000e\000i\000g\000h\000t\000\040\000m\000a\000c\000h\000i\000n\000e}{subsection.5.5}% 26
\BOOKMARK [1][-]{section.6}{\376\377\000E\000l\000l\000i\000p\000t\000i\000c\000\040\000c\000u\000r\000v\000e\000s\000\040\000o\000v\000e\000r\000\040\000C}{}% 27
\BOOKMARK [2][-]{subsection.6.1}{\376\377\000E\000l\000l\000i\000p\000t\000i\000c\000\040\000f\000u\000n\000c\000t\000i\000o\000n\000s}{section.6}% 28
\BOOKMARK [1][-]{section.7}{\376\377\000W\000h\000e\000r\000e\000\040\000m\000i\000g\000h\000t\000\040\000w\000e\000\040\000g\000o\000\040\000n\000e\000x\000t\000?}{}% 29
\BOOKMARK [2][-]{subsection.7.1}{\376\377\000C\000o\000u\000n\000t\000i\000n\000g\000\040\000p\000o\000i\000n\000t\000s\000\040\000o\000v\000e\000r\000\040\000F\000p}{section.7}% 30
\BOOKMARK [2][-]{subsection.7.2}{\376\377\000L\000-\000f\000u\000n\000c\000t\000i\000o\000n\000s\000,\000\040\000r\000a\000n\000k\000s\000\040\000o\000f\000\040\000E\000\050\000Q\000\051\000,\000\040\000B\000S\000D}{section.7}% 31
